27.10.2023 22:19:33	This log contains information about the import schema operation into project 'Chat.Database' on computer 'KARAPYSH-HP-LAP' by user 'sebas'.
27.10.2023 22:19:33	Import of database schema has started.
27.10.2023 22:19:35	Gathering database credentials
27.10.2023 22:19:35	Gathering database options
27.10.2023 22:19:35	Gathering generic database scoped configuration option
27.10.2023 22:19:35	Gathering users
27.10.2023 22:19:35	Gathering roles
27.10.2023 22:19:35	Gathering application roles
27.10.2023 22:19:35	Gathering role memberships
27.10.2023 22:19:35	Gathering filegroups
27.10.2023 22:19:35	Gathering full-text catalogs
27.10.2023 22:19:35	Gathering assemblies
27.10.2023 22:19:35	Gathering certificates
27.10.2023 22:19:35	Gathering asymmetric keys
27.10.2023 22:19:35	Gathering symmetric keys
27.10.2023 22:19:35	Gathering encrypted symmetric keys
27.10.2023 22:19:35	Gathering schemas
27.10.2023 22:19:35	Gathering XML schema collections
27.10.2023 22:19:35	Gathering user-defined data types
27.10.2023 22:19:35	Gathering user-defined types
27.10.2023 22:19:35	Gathering table types
27.10.2023 22:19:35	Gathering unique keys for table types
27.10.2023 22:19:35	Gathering primary keys for table types
27.10.2023 22:19:35	Gathering indexes for table types
27.10.2023 22:19:35	Gathering check constraints for table types
27.10.2023 22:19:35	Gathering default constraints for table types
27.10.2023 22:19:35	Gathering partition functions
27.10.2023 22:19:35	Gathering partition schemes
27.10.2023 22:19:35	Gathering functions
27.10.2023 22:19:35	Gathering encrypted functions
27.10.2023 22:19:35	Gathering aggregates
27.10.2023 22:19:35	Gathering procedures
27.10.2023 22:19:35	Gathering encrypted procedures
27.10.2023 22:19:35	Gathering tables
27.10.2023 22:19:35	Gathering primary keys
27.10.2023 22:19:36	Gathering unique constraints
27.10.2023 22:19:36	Gathering foreign keys
27.10.2023 22:19:36	Gathering default constraints
27.10.2023 22:19:36	Gathering check constraints
27.10.2023 22:19:36	Gathering views
27.10.2023 22:19:36	Gathering encrypted views
27.10.2023 22:19:36	Gathering indexes
27.10.2023 22:19:36	Gathering statistics
27.10.2023 22:19:36	Gathering full-text index stoplists
27.10.2023 22:19:36	Gathering search property lists
27.10.2023 22:19:36	Gathering search properties
27.10.2023 22:19:36	Gathering full-text indexes
27.10.2023 22:19:36	Gathering column store indexes
27.10.2023 22:19:36	Gathering spatial indexes
27.10.2023 22:19:36	Gathering XML indexes
27.10.2023 22:19:36	Gathering Selective XML indexes
27.10.2023 22:19:36	Gathering encrypted triggers
27.10.2023 22:19:36	Gathering triggers
27.10.2023 22:19:36	Gathering encrypted and clr ddl triggers
27.10.2023 22:19:36	Gathering ddl triggers
27.10.2023 22:19:36	Creating edge constraints
27.10.2023 22:19:36	Gathering synonyms
27.10.2023 22:19:36	Gathering defaults
27.10.2023 22:19:36	Gathering data constraint uddt bindings
27.10.2023 22:19:36	Gathering rules
27.10.2023 22:19:36	Gathering data constraint uddt bindings
27.10.2023 22:19:36	Gathering message types
27.10.2023 22:19:36	Gathering queues
27.10.2023 22:19:36	Gathering contracts
27.10.2023 22:19:36	Gathering services
27.10.2023 22:19:36	Gathering event notifications
27.10.2023 22:19:36	Gathering remote service bindings
27.10.2023 22:19:36	Gathering broker priorities
27.10.2023 22:19:36	Gathering signatures
27.10.2023 22:19:36	Gathering compression options
27.10.2023 22:19:36	Gathering sequence types
27.10.2023 22:19:36	Gathering security policies
27.10.2023 22:19:36	Gather column encryption keys
27.10.2023 22:19:36	Gathering column master keys
27.10.2023 22:19:36	Gathering external data sources
27.10.2023 22:19:36	Gathering external file formats
27.10.2023 22:19:36	Gathering external tables
27.10.2023 22:19:36	Gathering XML index compression options
27.10.2023 22:19:36	Gathering extended properties
27.10.2023 22:19:36	Gathering assemblies
27.10.2023 22:19:36	Gathering credentials
27.10.2023 22:19:36	Gathering logins
27.10.2023 22:19:36	Gathering server audits
27.10.2023 22:19:37	Scanning project for duplicate elements
27.10.2023 22:19:37	Finished duplicate element processing
27.10.2023 22:19:38	Finished importing database.
27.10.2023 22:19:38	A summary of the import was saved to the following location: C:\Users\sebas\Projects\Chat\src\Infrastructure\Chat.Database\Import Schema Logs\Chat.Database_20231027071933.log
27.10.2023 22:19:38	Click Finish to continue...
